C51 COMPILER V9.52.0.0   MAIN                                                              02/13/2017 17:39:09 PAGE 1   


C51 COMPILER V9.52.0.0, COMPILATION OF MODULE MAIN
OBJECT MODULE PLACED IN main.OBJ
COMPILER INVOKED BY: C:\Keil\C51\BIN\C51.EXE main.c BROWSE DEBUG OBJECTEXTEND TABS(2)

line level    source

   1          /*
   2          注意事项
   3          0、上升10mm所需的电机步数，临时设置为600
   4          1、必须有一个全局变量用来统计电机的位置，从初始化之前就开始统计，防止初
             -始化撞机或传感器失效
   5          2、急停接触之后，必须有一个单片机复位初始化的过程，非从0初始化，防止信
             -的继续发送撞机以及非原点运动
   6          */
   7          //除了初始化为 0 的常量或常量外，其他的变量或常量均在此处定义或声明
   8          #include <STC89C5xRC.H>                                                                     //52单片机头文件
   9          #include <stdio.h>                                                                          //基本函数库
  10          #include <math.h>
  11          #include <intrins.h>
  12          #define uchar unsigned char
  13          #define uint  unsigned int
  14          
  15          //检测点
  16          ////sbit k1 = P2^0;                                                                             //原点检测，光耦检测，端口常输出
             -高，光耦未遮挡，检测为低
  17          sbit ori = P2^1;                                                                            //下极限检测
  18          sbit k3 = P2^2;                                                                             //上极限检测
  19          sbit flag_out = P2^3;                                                                       //出板检测
  20          sbit flag_in  = P2^4;                                                                       //进板检测
  21          
  22          //输出端口
  23          sbit k_pullboard = P3^0;
  24          sbit k_pushboard = P3^1;
  25          sbit led_warning = P3^7;
  26          
  27          //电机相关的变量
  28          int p_imp;                                                                                  //电机的位置
  29          int a_imp;                                                                                  //临时数据
  30          #define speed_max 8                 //需要注意更改的常量                                   //电机的最大速度
  31          #define speed_start 120             //需要注意更改的常量                                   //启动速度
  32          #define step  601                   //需要注意更改的常量                                   //与电机的驱动步数要匹
             -配
  33          int speed_now;                                                                              //当前速度的变量
  34          
  35          //层高变量
  36          #define floor_max 50                //需要注意更改的常量                                   //最大层数，计数从1开
             -，从顶层开始计
  37          uchar idata floor_now;                                                                      //当前层高 
  38          uchar idata floor_nex;
  39          long  idata floor_t;                                                                        //因为这个数是有符号的，且数字比较
             -大，所以用长整形
  40          uchar idata floor_full;                                                                     //层满标志，空-0 有-1 满-2
  41          
  42          //库存变量
  43          uchar idata flag_ware_i = 0;                                                                //储板箱中从上面数的层数
  44          uchar idata flag_sare_j = 0;                                                                //储板箱中从下面数的层数
  45          uchar idata ware_con[floor_max];                                                            //用于存放每层箱中是否有板，0-
             -板，1-有板
  46          uchar idata ware_opt[floor_max];                                                            //用于记录箱子中板子的优先级
  47          uchar idata ware_opt_num;                                                                   //用于记录优先级的最大数
  48          
C51 COMPILER V9.52.0.0   MAIN                                                              02/13/2017 17:39:09 PAGE 2   

  49          //状态变量
  50          idata bit flag_iao;                                                                         //用于标记是否需要存板，0-存板优先
             -1-出板优先。设定好的优先级，会停止使用
  51          idata bit flag_o = 1;                                                                       //原点标志，0-只允许向上运动，1-允
             -上下运动
  52          idata bit flag_pull = 1;                                                                    //拉板完成标志，0-完成，1-未完成
  53          idata bit flag_push = 1;                                                                    //推板完成标志，0-完成，1-未完成
  54          idata bit flag_safe = 1;                                                                    //安全标志，每次动作前检查一次此
             -志，轮询的方法，不用中断
  55          idata bit flag_up = 1;                                                                      //上板完成标志，0-完成，1-未完成
  56          idata bit flag_down = 1;                                                                    //下板完成标志，0-完成，1-未完成
  57          idata bit flag_t = 1;                                                                       //信息发送完成标志，0-完成，1-未完
             -
  58          idata bit flag_r = 1;                                                                       //信息接收完成标志，0-完成，1-未完
             -
  59          idata bit flag_top = 1;                                                                     //上极限
  60          idata bit flag_bottom = 1;                                                                  //下极限
  61          idata bit flag_ot = 1;                                                                      //超时标志
  62          
  63          void delay_us(long idata time_us)                                                           //延时函数，据实测值推论，延
             -时间为 t*10 + 18 us 
  64          {
  65   1        while(time_us--);      
  66   1      }
  67          
  68          void delay_ms(long idata time_ms)
  69          {
  70   1        int time_ms_add;
  71   1        while(time_ms--)
  72   1        {
  73   2          time_ms_add = 21;
  74   2          while(time_ms_add--);
  75   2        }
  76   1      }
  77          
  78          void upanddown(floor_nex)                                                                   //上下板函数，传递目标层变量
  79          {
  80   1        long idata length_run;
  81   1        uint idata dir ;
  82   1        delay_ms(300);
  83   1        speed_now = speed_start;                                                                //对速度赋初值
  84   1        length_run = floor_nex-floor_now;                                                       //需要运动的层数 = 目的层高 - 当
             -前层高
  85   1        floor_t = length_run * step;                                                            //后面的常数代表运动10mm所需的电
             -运转步数，这个值和电机驱动的设置有关
  86   1        if (floor_t > 0){dir = 0x05;}else{dir = 0x01;}                                          //floor_t为正，向上运动，floor
             -_t为负，向下运动
  87   1        floor_t = abs(floor_t);                                                                 //取绝对值
  88   1        for (length_run = 0;length_run < floor_t;length_run++)
  89   1        {
  90   2          P1 = 0x00;
  91   2          delay_us(speed_now);
  92   2          P1 = dir;                                                                             //需要运动的方向由dir变量控制
  93   2          delay_us(speed_now);
  94   2          if ((floor_t-length_run)>100){if(speed_now > speed_max)speed_now--;}else speed_now++; //完成加速和
             -速的功能，缓冲距离100步
  95   2        }
  96   1        floor_now = floor_nex;                                                                  //运动完成后，当前层高 = 目的层高
  97   1      }
  98          uint init()                                                                                 //初始化函数
  99          {
 100   1        long idata init_con;
C51 COMPILER V9.52.0.0   MAIN                                                              02/13/2017 17:39:09 PAGE 3   

 101   1        speed_now = speed_start;
 102   1        upanddown(2);                                                                             //先向上运动两层，再重新找原点
 103   1        delay_ms(1000);
 104   1        while(ori==0)                                                                             //找到原点以后结束循环
 105   1        {
 106   2          P1=0x00;
 107   2          delay_us(speed_now);
 108   2          P1=0x01;                                                                              //向下运动
 109   2          delay_us(speed_now);
 110   2          a_imp++;
 111   2          if (speed_now > speed_max) speed_now--;
 112   2        }
 113   1        for(init_con=0;init_con<100;init_con++){P1=0x01;delay_us(speed_now++);P1=0x00;delay_us(speed_now);}//找
             -原点以后减速
 114   1        return 1;
 115   1      }
 116          
 117          uchar pullboard()
 118          {
 119   1        k_pullboard = 1;
 120   1        return 1;
 121   1      }
 122          
 123          uchar pushboard()
 124          {
 125   1        k_pushboard = 1;
 126   1        return 1;
 127   1      }
 128          
 129          uchar opt_out()
 130          {
 131   1        long idata count;
 132   1        uchar opt_level;
 133   1        for (count = 0;count < 50;count++)
 134   1        {
 135   2          if ((opt_level < ware_opt[count]) && ware_con != 0)                                         //取a=存板优先级里最小
             -一个
 136   2          {
 137   3            opt_level = ware_opt[count];
 138   3          }
 139   2        }
 140   1        upanddown(count);
 141   1        return 0;
 142   1      }
 143          
 144          uchar opt_in()                                                                              //优化函数
 145          {
 146   1        uchar idata count_up;
 147   1        uchar idata count_down;
 148   1      //  uchar opt_level;
 149   1        uint a;
 150   1        count_up = floor_now;
 151   1        count_down = floor_now;
 152   1        while(ware_con[count_up])                                                                 //向上查找第一个空层，因计数是从
             -1开始的，所以此处为1
 153   1        {                                                                                         //如果当前层不为空，则执行以下行
 154   2          if(count_up <= 1)                                                                       //如果层数 1  不为空，则将层数变量设
             -置为一个较大的数，并跳出循环
 155   2          {
 156   3            count_up = 999;
 157   3            break;
 158   3          }
C51 COMPILER V9.52.0.0   MAIN                                                              02/13/2017 17:39:09 PAGE 4   

 159   2          count_up--;
 160   2        }
 161   1        
 162   1        while(ware_con[count_down])                                                               //向下查找第一个空层，最大层数
             -量在全局变量定义
 163   1        {
 164   2          if(count_down >= floor_max)
 165   2          {
 166   3            count_down = 999;
 167   3            break;
 168   3          }
 169   2          count_down++;
 170   2        }
 171   1      
 172   1        if(count_up == 999 && count_down == 999)                                                  //如果上下层高标记均为溢出
             -态，则赋层满标记为 满-2
 173   1        {
 174   2          floor_full = 2;
 175   2        }
 176   1        if(floor_full != 2)
 177   1        {
 178   2          if((floor_now - count_up) <= (count_down - floor_now))                                  //找到最近的空层
 179   2          {
 180   3            upanddown(count_up);
 181   3          }
 182   2          else                                                                                    //如果到上面的空层近，则运动到上面的空
             -，反之亦然
 183   2          {
 184   3            upanddown(count_down);
 185   3          }
 186   2          for(a = 0;a <= floor_max;a++)                                                           //查找优先级最大数
 187   2          {
 188   3            if(ware_opt[a] > ware_opt[a-1])
 189   3            {
 190   4              ware_opt_num = ware_opt[a];
 191   4            }
 192   3            else
 193   3            {
 194   4              ware_opt_num = ware_opt[a-1];
 195   4            }
 196   3          }
 197   2          if(pullboard() == 1)
 198   2          {
 199   3            ware_con[floor_now] = 1;                                                              //存储完成后，对此层的状态置 1
 200   3            ware_opt[floor_now] = 1;                                                              //存储完成后，对此层的优先级置数
 201   3            return 0;                                                                             //完成返回 0
 202   3          }
 203   2          else
 204   2          {
 205   3            return 1;                                                                             //失败返回 1
 206   3          }
 207   2        }
 208   1        else
 209   1        {
 210   2          while(1)
 211   2          {
 212   3            led_warning = ~led_warning;
 213   3          }
 214   2        }
 215   1      }
 216          
 217          void main()
C51 COMPILER V9.52.0.0   MAIN                                                              02/13/2017 17:39:09 PAGE 5   

 218          {
 219   1        P2 = 0xFF;                                                                                //P2口做输入用
 220   1        if (init() == 1)                                                                          //调用初始化，且初始化完成正确
 221   1        {
 222   2          floor_now = 0;                                                                          //初始化完成后，设定当前层高为 0
 223   2          while(1)                                                                                //主循环函数
 224   2          {
 225   3            if (flag_out == 0 && floor_full != 0)                                                 //出板传感器有信号，且层标记
             -不为空，则执行出板
 226   3            {
 227   4              opt_out();
 228   4            }
 229   3            if (flag_in == 0 && floor_full != 2)                                                  //进板传感器有信号，且层标记
             -为满，则执行进板
 230   3            {
 231   4              opt_in();
 232   4            }
 233   3          }
 234   2        }
 235   1        else                                                                                      //初始化失败以后
 236   1        {
 237   2          while(1)
 238   2          {
 239   3            
 240   3          }
 241   2        }
 242   1      }


MODULE INFORMATION:   STATIC OVERLAYABLE
   CODE SIZE        =    813    ----
   CONSTANT SIZE    =   ----    ----
   XDATA SIZE       =   ----    ----
   PDATA SIZE       =   ----    ----
   DATA SIZE        =      6      11
   IDATA SIZE       =    110      16
   BIT SIZE         =     12    ----
END OF MODULE INFORMATION.


C51 COMPILATION COMPLETE.  0 WARNING(S),  0 ERROR(S)
